


ARM Macro Assembler    Page 1 


    1 00000000         ; Print.s
    2 00000000         ; Student names: change this to your names or look very 
                       silly
    3 00000000         ; Last modification date: change this to the last modifi
                       cation date or look very silly
    4 00000000         ; Runs on LM4F120 or TM4C123
    5 00000000         ; EE319K lab 7 device driver for any LCD
    6 00000000         ;
    7 00000000         ; As part of Lab 7, students need to implement these LCD
                       _OutDec and LCD_OutFix
    8 00000000         ; This driver assumes two low-level LCD functions
    9 00000000         ; ST7735_OutChar   outputs a single 8-bit ASCII characte
                       r
   10 00000000         ; ST7735_OutString outputs a null-terminated string 
   11 00000000         
   12 00000000                 IMPORT           ST7735_OutChar
   13 00000000                 IMPORT           ST7735_OutString
   14 00000000                 EXPORT           LCD_OutDec
   15 00000000                 EXPORT           LCD_OutFix
   16 00000000         
   17 00000000         
   18 00000000         ;BINDING
   19 00000000 00000000 
                       i       equ              0           ; allocate 10 8-bit
                                                             numbers
   20 00000000 00000000 
                       n       equ              0
   21 00000000         
   22 00000000        B 
                       FP      RN               11
   23 00000000         
   24 00000000                 AREA             |.text|, CODE, READONLY, ALIGN=
2
   25 00000000                 THUMB
   26 00000000         
   27 00000000         
   28 00000000         
   29 00000000         ;-----------------------LCD_OutDec----------------------
                       -
   30 00000000         ; Output a 32-bit number in unsigned decimal format
   31 00000000         ; Input: R0 (call by value) 32-bit unsigned number
   32 00000000         ; Output: none
   33 00000000         ; Invariables: This function must not permanently modify
                        registers R4 to R11
   34 00000000         ; Lab 7 requirement is for at least one local variable o
                       n the stack with symbolic binding
   35 00000000         LCD_OutDec
   36 00000000         
   37 00000000 B510            PUSH             {R4, LR}
   38 00000002 F04F 030A       MOV              R3, #10     ; for division and 
                                                            multiplying
   39 00000006 F04F 0400       MOV              R4, #0      ; R4 is index
   40 0000000A         
   41 0000000A         ;ALLOCATION
   42 0000000A 46EB            MOV              FP, SP
   43 0000000C         
   44 0000000C         ;ACCESS
   45 0000000C 280A    loop    CMP              R0, #10     ; check if most sig
                                                            nificant digit has 



ARM Macro Assembler    Page 2 


                                                            been reached
   46 0000000E D30E            BLO              MSD
   47 00000010 FBB0 F1F3       UDIV             R1, R0, R3  ; compute n/10 
   48 00000014 FB01 F203       MUL              R2, R1, R3  ;
   49 00000018 EBA0 0202       SUB              R2, R0, R2  ; compute n%10 
   50 0000001C B40C            PUSH             {R2, R3}
   51 0000001E F8DB 2000       LDR              R2, [FP, #i]
   52 00000022 F102 0201       ADD              R2, #1      ; increment index
   53 00000026 F8CB 2000       STR              R2, [FP, #i]
   54 0000002A 4608            MOV              R0, R1
   55 0000002C E7EE            B                loop
   56 0000002E F100 0030 
                       MSD     ADD              R0, #0x30
   57 00000032 F7FF FFFE       BL               ST7735_OutChar ; display MSD
   58 00000036 F8DB 2000 
                       loop2   LDR              R2, [FP, #i]
   59 0000003A F1A2 0201       SUB              R2, #1
   60 0000003E F8CB 2000       STR              R2, [FP, #i]
   61 00000042 2A00            CMP              R2, #0
   62 00000044 DB05            BLT              done
   63 00000046 BC09            POP              {R0, R3}
   64 00000048 F100 0030       ADD              R0, #0x30
   65 0000004C F7FF FFFE       BL               ST7735_OutChar ; display next v
                                                            alue
   66 00000050 E7F1            B                loop2
   67 00000052         
   68 00000052         
   69 00000052         ;DEALLOCATION
   70 00000052 E8BD 4010 
                       done    POP              {R4, LR}
   71 00000056         
   72 00000056 4770            BX               LR
   73 00000058         
   74 00000058         ;* * * * * * * * End of LCD_OutDec * * * * * * * *
   75 00000058         
   76 00000058         ; -----------------------LCD _OutFix--------------------
                       --
   77 00000058         ; Output characters to LCD display in fixed-point format
                       
   78 00000058         ; unsigned decimal, resolution 0.01, range 0.00 to 9.99
   79 00000058         ; Inputs:  R0 is an unsigned 32-bit number
   80 00000058         ; Outputs: none
   81 00000058         ; E.g., R0=0,    then output "0.00 "
   82 00000058         ;       R0=3,    then output "0.003 "
   83 00000058         ;       R0=89,   then output "0.89 "
   84 00000058         ;       R0=123,  then output "1.23 "
   85 00000058         ;       R0=999,  then output "9.99 "
   86 00000058         ;       R0>999,  then output "*.** "
   87 00000058         ; Invariables: This function must not permanently modify
                        registers R4 to R11
   88 00000058         ; Lab 7 requirement is for at least one local variable o
                       n the stack with symbolic binding
   89 00000058         LCD_OutFix
   90 00000058         
   91 00000058 B501            PUSH             {R0, LR}
   92 0000005A         
   93 0000005A F04F 010A       MOV              R1, #10
   94 0000005E F240 32E7       MOV              R2, #999
   95 00000062         



ARM Macro Assembler    Page 3 


   96 00000062         ;ALLOCATION
   97 00000062 B082            SUB              SP, #8
   98 00000064 9000            STR              R0, [SP, #n] ; 654
   99 00000066         
  100 00000066         ;ACCESS
  101 00000066 4290            CMP              R0, R2      ; check if value is
                                                             greater than 999
  102 00000068 D82E            BHI              inv
  103 0000006A         
  104 0000006A F04F 0264       MOV              R2, #100
  105 0000006E         
  106 0000006E FBB0 F0F2       UDIV             R0, R2
  107 00000072 F100 0030       ADD              R0, #0x30
  108 00000076 F7FF FFFE       BL               ST7735_OutChar ; print first nu
                                                            mber
  109 0000007A         
  110 0000007A F04F 002E       MOV              R0, #0x2E
  111 0000007E F7FF FFFE       BL               ST7735_OutChar ; print decimal
  112 00000082         
  113 00000082 F04F 010A       MOV              R1, #10
  114 00000086 F04F 0264       MOV              R2, #100
  115 0000008A 9B00            LDR              R3, [SP, #n]
  116 0000008C FBB3 F0F2       UDIV             R0, R3, R2  ; get first digit b
                                                            y dividing by 100
  117 00000090 FB00 F002       MUL              R0, R2
  118 00000094 EBA3 0000       SUB              R0, R3, R0
  119 00000098 9000            STR              R0, [SP, #n] ; saves remaining 
                                                            2 digits
  120 0000009A         
  121 0000009A 9800            LDR              R0, [SP, #n]
  122 0000009C FBB0 F0F1       UDIV             R0, R1      ; gets second digit
                                                             by dividing by 10
  123 000000A0 F100 0030       ADD              R0, #0x30
  124 000000A4 F7FF FFFE       BL               ST7735_OutChar ; print second n
                                                            umber
  125 000000A8         
  126 000000A8 F04F 010A       MOV              R1, #10
  127 000000AC F04F 0264       MOV              R2, #100
  128 000000B0 9B00            LDR              R3, [SP, #n]
  129 000000B2 FBB3 F0F1       UDIV             R0, R3, R1
  130 000000B6 FB00 F001       MUL              R0, R1
  131 000000BA EBA3 0000       SUB              R0, R3, R0  ; print last digit 
                                                            by getting remainde
                                                            r from the 2 digit 
                                                            value
  132 000000BE F100 0030       ADD              R0, #0x30
  133 000000C2 F7FF FFFE       BL               ST7735_OutChar
  134 000000C6 E00F            B                done2
  135 000000C8         
  136 000000C8 F04F 002A 
                       inv     MOV              R0, #0x2A
  137 000000CC F7FF FFFE       BL               ST7735_OutChar
  138 000000D0 F04F 002E       MOV              R0, #0x2E
  139 000000D4 F7FF FFFE       BL               ST7735_OutChar
  140 000000D8 F04F 002A       MOV              R0, #0x2A
  141 000000DC F7FF FFFE       BL               ST7735_OutChar
  142 000000E0 F04F 002A       MOV              R0, #0x2A
  143 000000E4 F7FF FFFE       BL               ST7735_OutChar
  144 000000E8         



ARM Macro Assembler    Page 4 


  145 000000E8         ;DEALLOCATE
  146 000000E8 B002    done2   ADD              SP, #8
  147 000000EA         
  148 000000EA E8BD 4001       POP              {R0, LR}
  149 000000EE         
  150 000000EE 4770            BX               LR
  151 000000F0         
  152 000000F0                 ALIGN
  153 000000F0         ;* * * * * * * * End of LCD_OutFix * * * * * * * *
  154 000000F0         
  155 000000F0                 ALIGN                        ; make sure the end
                                                             of this section is
                                                             aligned
  156 000000F0                 END                          ; end of file
Command Line: --debug --xref --diag_suppress=9931 --cpu=Cortex-M4 --apcs=interw
ork --depend=.\print.d -o.\print.o -I.\RTE\_SpaceInvaders -ID:\Users\12817\Docu
ments\ARM\CMSIS\5.6.0\CMSIS\Core\Include -ID:\Users\12817\Documents\Keil\TM4C_D
FP\1.1.0\Device\Include\TM4C123 --predefine="__EVAL SETA 1" --predefine="__UVIS
ION_VERSION SETA 529" --predefine="_RTE_ SETA 1" --predefine="TM4C123GH6PM SETA
 1" --list=.\print.lst Print.s



ARM Macro Assembler    Page 1 Alphabetic symbol ordering
Relocatable symbols

.text 00000000

Symbol: .text
   Definitions
      At line 24 in file Print.s
   Uses
      None
Comment: .text unused
LCD_OutDec 00000000

Symbol: LCD_OutDec
   Definitions
      At line 35 in file Print.s
   Uses
      At line 14 in file Print.s
Comment: LCD_OutDec used once
LCD_OutFix 00000058

Symbol: LCD_OutFix
   Definitions
      At line 89 in file Print.s
   Uses
      At line 15 in file Print.s
Comment: LCD_OutFix used once
MSD 0000002E

Symbol: MSD
   Definitions
      At line 56 in file Print.s
   Uses
      At line 46 in file Print.s
Comment: MSD used once
done 00000052

Symbol: done
   Definitions
      At line 70 in file Print.s
   Uses
      At line 62 in file Print.s
Comment: done used once
done2 000000E8

Symbol: done2
   Definitions
      At line 146 in file Print.s
   Uses
      At line 134 in file Print.s
Comment: done2 used once
inv 000000C8

Symbol: inv
   Definitions
      At line 136 in file Print.s
   Uses
      At line 102 in file Print.s
Comment: inv used once
loop 0000000C

Symbol: loop



ARM Macro Assembler    Page 2 Alphabetic symbol ordering
Relocatable symbols

   Definitions
      At line 45 in file Print.s
   Uses
      At line 55 in file Print.s
Comment: loop used once
loop2 00000036

Symbol: loop2
   Definitions
      At line 58 in file Print.s
   Uses
      At line 66 in file Print.s
Comment: loop2 used once
9 symbols



ARM Macro Assembler    Page 1 Alphabetic symbol ordering
Absolute symbols

i 00000000

Symbol: i
   Definitions
      At line 19 in file Print.s
   Uses
      At line 51 in file Print.s
      At line 53 in file Print.s
      At line 58 in file Print.s
      At line 60 in file Print.s

n 00000000

Symbol: n
   Definitions
      At line 20 in file Print.s
   Uses
      At line 98 in file Print.s
      At line 115 in file Print.s
      At line 119 in file Print.s
      At line 121 in file Print.s
      At line 128 in file Print.s

2 symbols



ARM Macro Assembler    Page 1 Alphabetic symbol ordering
External symbols

ST7735_OutChar 00000000

Symbol: ST7735_OutChar
   Definitions
      At line 12 in file Print.s
   Uses
      At line 57 in file Print.s
      At line 65 in file Print.s
      At line 108 in file Print.s
      At line 111 in file Print.s
      At line 124 in file Print.s
      At line 133 in file Print.s
      At line 137 in file Print.s
      At line 139 in file Print.s
      At line 141 in file Print.s
      At line 143 in file Print.s

ST7735_OutString 00000000

Symbol: ST7735_OutString
   Definitions
      At line 13 in file Print.s
   Uses
      None
Comment: ST7735_OutString unused
2 symbols
347 symbols in table
